STLViewer-master/Examples/DemoApp/build/outputs/logs/manifest-merger-debug-report.txt
-- Merging decision tree log ---
manifest
ADDED from AndroidManifest.xml:2:1
	xmlns:android
		ADDED from AndroidManifest.xml:2:11
	package
		ADDED from AndroidManifest.xml:3:7
	android:versionName
		ADDED from AndroidManifest.xml:5:7
	android:versionCode
		ADDED from AndroidManifest.xml:4:7
		INJECTED from AndroidManifest.xml:0:0
		INJECTED from AndroidManifest.xml:0:0
uses-sdk
ADDED from AndroidManifest.xml:6:5
	android:targetSdkVersion
		ADDED from AndroidManifest.xml:6:41
	android:minSdkVersion
		ADDED from AndroidManifest.xml:6:15
application
ADDED from AndroidManifest.xml:9:5
	android:label
		ADDED from AndroidManifest.xml:9:18
	android:icon
		ADDED from AndroidManifest.xml:10:18
activity#com.androidplot.demos.MainActivity
ADDED from AndroidManifest.xml:11:9
	android:label
		ADDED from AndroidManifest.xml:12:19
	android:name
		ADDED from AndroidManifest.xml:11:19
intent-filter#android.intent.action.MAIN+android.intent.category.LAUNCHER
ADDED from AndroidManifest.xml:13:13
action#android.intent.action.MAIN
ADDED from AndroidManifest.xml:14:17
	android:name
		ADDED from AndroidManifest.xml:14:25
category#android.intent.category.LAUNCHER
ADDED from AndroidManifest.xml:15:17
	android:name
		ADDED from AndroidManifest.xml:15:27
activity#com.androidplot.demos.SimplePieChartActivity
ADDED from AndroidManifest.xml:18:9
	android:label
		ADDED from AndroidManifest.xml:19:19
	android:name
		ADDED from AndroidManifest.xml:18:19
intent-filter#android.intent.category.LAUNCHER
ADDED from AndroidManifest.xml:20:13
activity#com.androidplot.demos.SimpleXYPlotActivity
ADDED from AndroidManifest.xml:24:9
	android:label
		ADDED from AndroidManifest.xml:25:19
	android:name
		ADDED from AndroidManifest.xml:24:19
activity#com.androidplot.demos.BarPlotExampleActivity
ADDED from AndroidManifest.xml:30:9
	android:label
		ADDED from AndroidManifest.xml:31:19
	android:name
		ADDED from AndroidManifest.xml:30:19
activity#com.androidplot.demos.DynamicXYPlotActivity
ADDED from AndroidManifest.xml:36:9
	android:label
		ADDED from AndroidManifest.xml:37:19
	android:name
		ADDED from AndroidManifest.xml:36:19
activity#com.androidplot.demos.OrientationSensorExampleActivity
ADDED from AndroidManifest.xml:42:9
	android:screenOrientation
		ADDED from AndroidManifest.xml:44:19
	android:label
		ADDED from AndroidManifest.xml:43:19
	android:name
		ADDED from AndroidManifest.xml:42:19
activity#com.androidplot.demos.StepChartExampleActivity
ADDED from AndroidManifest.xml:49:9
	android:label
		ADDED from AndroidManifest.xml:50:19
	android:name
		ADDED from AndroidManifest.xml:49:19
activity#com.androidplot.demos.TouchZoomExampleActivity
ADDED from AndroidManifest.xml:55:9
	android:label
		ADDED from AndroidManifest.xml:56:19
	android:name
		ADDED from AndroidManifest.xml:55:19
activity#com.androidplot.demos.ListViewActivity
ADDED from AndroidManifest.xml:61:9
	android:label
		ADDED from AndroidManifest.xml:61:52
	android:name
		ADDED from AndroidManifest.xml:61:19
activity#com.androidplot.demos.XYRegionExampleActivity
ADDED from AndroidManifest.xml:62:9
	android:label
		ADDED from AndroidManifest.xml:62:59
	android:name
		ADDED from AndroidManifest.xml:62:19
activity#com.androidplot.demos.TimeSeriesActivity
ADDED from AndroidManifest.xml:67:9
	android:name
		ADDED from AndroidManifest.xml:67:19
activity#com.androidplot.demos.DualScaleXYPlotExampleActivity
ADDED from AndroidManifest.xml:68:3
	android:name
		ADDED from AndroidManifest.xml:68:13
activity#com.androidplot.demos.XYPlotWithBgImgActivity
ADDED from AndroidManifest.xml:69:9
	android:name
		ADDED from AndroidManifest.xml:69:19
receiver#com.androidplot.demos.widget.DemoAppWidgetProvider
ADDED from AndroidManifest.xml:72:9
	android:label
		ADDED from AndroidManifest.xml:74:17
	android:icon
		ADDED from AndroidManifest.xml:73:17
	android:name
		ADDED from AndroidManifest.xml:75:17
intent-filter#android.appwidget.action.APPWIDGET_UPDATE
ADDED from AndroidManifest.xml:76:13
action#android.appwidget.action.APPWIDGET_UPDATE
ADDED from AndroidManifest.xml:77:17
	android:name
		ADDED from AndroidManifest.xml:77:25
meta-data#android.appwidget.provider
ADDED from AndroidManifest.xml:80:13
	android:resource
		ADDED from AndroidManifest.xml:82:21
	android:name
		ADDED from AndroidManifest.xml:81:21
android:uses-permission#android.permission.WRITE_EXTERNAL_STORAGE
IMPLIED from AndroidManifest.xml:2:1 reason: com.androidplot has a targetSdkVersion < 4
android:uses-permission#android.permission.READ_PHONE_STATE
IMPLIED from AndroidManifest.xml:2:1 reason: com.androidplot has a targetSdkVersion < 4
android:uses-permission#android.permission.READ_EXTERNAL_STORAGE
IMPLIED from AndroidManifest.xml:2:1 reason: com.androidplot requested WRITE_EXTERNAL_STORAGE